2026-03-10 10:15:49,745: Logging to runs/camels_us_01022500_daymet_1003_101549/output.log initialized.
2026-03-10 10:15:49,745: ### Folder structure created at runs/camels_us_01022500_daymet_1003_101549
2026-03-10 10:15:49,745: ### Run configurations for camels_us_01022500_daymet
2026-03-10 10:15:49,745: experiment_name: camels_us_01022500_daymet
2026-03-10 10:15:49,745: run_dir: runs/camels_us_01022500_daymet_1003_101549
2026-03-10 10:15:49,745: train_basin_file: basins/01022500.txt
2026-03-10 10:15:49,745: validation_basin_file: basins/01022500.txt
2026-03-10 10:15:49,745: test_basin_file: basins/01022500.txt
2026-03-10 10:15:49,745: train_start_date: 2000-01-01 00:00:00
2026-03-10 10:15:49,745: train_end_date: 2000-12-31 00:00:00
2026-03-10 10:15:49,745: validation_start_date: 2001-01-01 00:00:00
2026-03-10 10:15:49,745: validation_end_date: 2001-12-31 00:00:00
2026-03-10 10:15:49,745: test_start_date: 2002-01-01 00:00:00
2026-03-10 10:15:49,745: test_end_date: 2002-12-31 00:00:00
2026-03-10 10:15:49,745: seed: 111
2026-03-10 10:15:49,745: device: cpu
2026-03-10 10:15:49,745: validate_every: 1
2026-03-10 10:15:49,745: validate_n_random_basins: 1
2026-03-10 10:15:49,745: cache_validation_data: True
2026-03-10 10:15:49,745: metrics: ['NSE', 'KGE']
2026-03-10 10:15:49,745: model: cudalstm
2026-03-10 10:15:49,745: head: regression
2026-03-10 10:15:49,745: output_activation: linear
2026-03-10 10:15:49,745: hidden_size: 16
2026-03-10 10:15:49,745: initial_forget_bias: 3
2026-03-10 10:15:49,745: output_dropout: 0.4
2026-03-10 10:15:49,745: optimizer: Adam
2026-03-10 10:15:49,745: loss: MSE
2026-03-10 10:15:49,745: learning_rate: {0: 0.001}
2026-03-10 10:15:49,745: batch_size: 64
2026-03-10 10:15:49,745: epochs: 3
2026-03-10 10:15:49,745: clip_gradient_norm: 1
2026-03-10 10:15:49,745: predict_last_n: 1
2026-03-10 10:15:49,745: seq_length: 30
2026-03-10 10:15:49,746: num_workers: 0
2026-03-10 10:15:49,746: log_interval: 1
2026-03-10 10:15:49,746: log_tensorboard: True
2026-03-10 10:15:49,746: log_n_figures: 1
2026-03-10 10:15:49,746: save_weights_every: 1
2026-03-10 10:15:49,746: save_validation_results: False
2026-03-10 10:15:49,746: dataset: camels_us
2026-03-10 10:15:49,746: data_dir: data/CAMELS_US
2026-03-10 10:15:49,746: forcings: ['daymet']
2026-03-10 10:15:49,746: dynamic_inputs: ['prcp(mm/day)', 'srad(W/m2)', 'tmax(C)', 'tmin(C)', 'vp(Pa)']
2026-03-10 10:15:49,746: target_variables: ['QObs(mm/d)']
2026-03-10 10:15:49,746: clip_targets_to_zero: ['QObs(mm/d)']
2026-03-10 10:15:49,746: number_of_basins: 1
2026-03-10 10:15:49,746: train_dir: runs/camels_us_01022500_daymet_1003_101549/train_data
2026-03-10 10:15:49,746: img_log_dir: runs/camels_us_01022500_daymet_1003_101549/img_log
2026-03-10 10:15:49,747: ### Device cpu will be used for training
2026-03-10 10:15:49,748: Loading basin data into xarray data set.
2026-03-10 10:15:49,780: Create lookup table and convert to pytorch tensor
2026-03-10 10:15:52,102: Epoch 1 average loss: avg_loss: 0.60178, avg_total_loss: 0.60178
2026-03-10 10:15:53,272: Epoch 1 average validation loss: 0.26697 -- Median validation metrics: avg_loss: 0.26697, NSE: -0.07896, KGE: -0.26085
2026-03-10 10:15:53,293: Epoch 2 average loss: avg_loss: 0.53688, avg_total_loss: 0.53688
2026-03-10 10:15:53,412: Epoch 2 average validation loss: 0.24021 -- Median validation metrics: avg_loss: 0.24021, NSE: 0.03573, KGE: -0.06291
2026-03-10 10:15:53,430: Epoch 3 average loss: avg_loss: 0.42494, avg_total_loss: 0.42494
2026-03-10 10:15:53,540: Epoch 3 average validation loss: 0.22975 -- Median validation metrics: avg_loss: 0.22975, NSE: 0.07892, KGE: 0.02492
2026-03-10 10:15:55,311: Logging to /Users/jang-minyeop/Project/CAMELS/runs/camels_us_01022500_daymet_1003_101549/output.log initialized.
2026-03-10 10:15:55,319: Using the model weights from /Users/jang-minyeop/Project/CAMELS/runs/camels_us_01022500_daymet_1003_101549/model_epoch003.pt
2026-03-10 10:15:55,611: Stored metrics at /Users/jang-minyeop/Project/CAMELS/runs/camels_us_01022500_daymet_1003_101549/test/model_epoch003/test_metrics.csv
2026-03-10 10:15:55,612: Stored results at /Users/jang-minyeop/Project/CAMELS/runs/camels_us_01022500_daymet_1003_101549/test/model_epoch003/test_results.p
