2026-03-17 11:05:59,263: Logging to /Users/jang-minyeop/Project/CAMELS/runs/camels_us_01022500_daymet_1003_101549/continue_training_from_epoch003/output.log initialized.
2026-03-17 11:05:59,264: ### Folder structure created at /Users/jang-minyeop/Project/CAMELS/runs/camels_us_01022500_daymet_1003_101549/continue_training_from_epoch003
2026-03-17 11:05:59,264: ### Continue training of run stored in /Users/jang-minyeop/Project/CAMELS/runs/camels_us_01022500_daymet_1003_101549
2026-03-17 11:05:59,264: ### Run configurations for camels_us_01022500_daymet
2026-03-17 11:05:59,264: batch_size: 64
2026-03-17 11:05:59,264: cache_validation_data: True
2026-03-17 11:05:59,264: clip_gradient_norm: 1
2026-03-17 11:05:59,264: clip_targets_to_zero: ['QObs(mm/d)']
2026-03-17 11:05:59,264: commit_hash: None
2026-03-17 11:05:59,264: data_dir: data/CAMELS_US
2026-03-17 11:05:59,264: dataset: camels_us
2026-03-17 11:05:59,264: device: cpu
2026-03-17 11:05:59,264: dynamic_inputs: ['prcp(mm/day)', 'srad(W/m2)', 'tmax(C)', 'tmin(C)', 'vp(Pa)']
2026-03-17 11:05:59,264: epochs: 17
2026-03-17 11:05:59,264: experiment_name: camels_us_01022500_daymet
2026-03-17 11:05:59,264: forcings: ['daymet']
2026-03-17 11:05:59,264: head: regression
2026-03-17 11:05:59,264: hidden_size: 16
2026-03-17 11:05:59,264: img_log_dir: /Users/jang-minyeop/Project/CAMELS/runs/camels_us_01022500_daymet_1003_101549/continue_training_from_epoch003/img_log
2026-03-17 11:05:59,264: initial_forget_bias: 3
2026-03-17 11:05:59,264: learning_rate: {0: 0.001, 10: 0.0005, 16: 0.0001}
2026-03-17 11:05:59,264: log_interval: 1
2026-03-17 11:05:59,264: log_n_figures: 1
2026-03-17 11:05:59,264: log_tensorboard: True
2026-03-17 11:05:59,264: loss: MSE
2026-03-17 11:05:59,264: metrics: ['NSE', 'KGE']
2026-03-17 11:05:59,264: model: cudalstm
2026-03-17 11:05:59,264: num_workers: 0
2026-03-17 11:05:59,264: number_of_basins: 1
2026-03-17 11:05:59,264: optimizer: Adam
2026-03-17 11:05:59,264: output_activation: linear
2026-03-17 11:05:59,264: output_dropout: 0.4
2026-03-17 11:05:59,264: package_version: 1.13.0
2026-03-17 11:05:59,264: predict_last_n: 1
2026-03-17 11:05:59,264: run_dir: /Users/jang-minyeop/Project/CAMELS/runs/camels_us_01022500_daymet_1003_101549/continue_training_from_epoch003
2026-03-17 11:05:59,264: save_validation_results: False
2026-03-17 11:05:59,264: save_weights_every: 1
2026-03-17 11:05:59,264: seed: 111
2026-03-17 11:05:59,264: seq_length: 30
2026-03-17 11:05:59,264: target_variables: ['QObs(mm/d)']
2026-03-17 11:05:59,264: test_basin_file: basins/01022500.txt
2026-03-17 11:05:59,264: test_end_date: 2002-12-31 00:00:00
2026-03-17 11:05:59,264: test_start_date: 2002-01-01 00:00:00
2026-03-17 11:05:59,264: train_basin_file: basins/01022500.txt
2026-03-17 11:05:59,264: train_dir: /Users/jang-minyeop/Project/CAMELS/runs/camels_us_01022500_daymet_1003_101549/continue_training_from_epoch003/train_data
2026-03-17 11:05:59,264: train_end_date: 2000-12-31 00:00:00
2026-03-17 11:05:59,264: train_start_date: 2000-01-01 00:00:00
2026-03-17 11:05:59,264: validate_every: 1
2026-03-17 11:05:59,264: validate_n_random_basins: 1
2026-03-17 11:05:59,264: validation_basin_file: basins/01022500.txt
2026-03-17 11:05:59,265: validation_end_date: 2001-12-31 00:00:00
2026-03-17 11:05:59,265: validation_start_date: 2001-01-01 00:00:00
2026-03-17 11:05:59,265: is_continue_training: True
2026-03-17 11:05:59,265: base_run_dir: /Users/jang-minyeop/Project/CAMELS/runs/camels_us_01022500_daymet_1003_101549
2026-03-17 11:05:59,265: ### Device cpu will be used for training
2026-03-17 11:05:59,265: Loading basin data into xarray data set.
2026-03-17 11:05:59,289: Create lookup table and convert to pytorch tensor
2026-03-17 11:06:00,267: Continue training from epoch 3
2026-03-17 11:06:00,295: Uncaught exception
Traceback (most recent call last):
  File "/Users/jang-minyeop/Project/CAMELS/.venv/bin/nh-run", line 10, in <module>
    sys.exit(_main())
             ^^^^^^^
  File "/Users/jang-minyeop/Project/CAMELS/.venv/lib/python3.11/site-packages/neuralhydrology/nh_run.py", line 45, in _main
    continue_run(run_dir=Path(args["run_dir"]),
  File "/Users/jang-minyeop/Project/CAMELS/.venv/lib/python3.11/site-packages/neuralhydrology/nh_run.py", line 109, in continue_run
    start_training(base_config)
  File "/Users/jang-minyeop/Project/CAMELS/.venv/lib/python3.11/site-packages/neuralhydrology/training/train.py", line 19, in start_training
    trainer.initialize_training()
  File "/Users/jang-minyeop/Project/CAMELS/.venv/lib/python3.11/site-packages/neuralhydrology/training/basetrainer.py", line 183, in initialize_training
    self.experiment_logger = Logger(cfg=self.cfg)
                             ^^^^^^^^^^^^^^^^^^^^
  File "/Users/jang-minyeop/Project/CAMELS/.venv/lib/python3.11/site-packages/neuralhydrology/training/logger.py", line 31, in __init__
    cfg.update_config({'commit_hash': get_git_hash()})
                                      ^^^^^^^^^^^^^^
  File "/Users/jang-minyeop/Project/CAMELS/.venv/lib/python3.11/site-packages/neuralhydrology/utils/logging_utils.py", line 45, in get_git_hash
    return subprocess.check_output(["git", "-C", current_dir, "describe", "--always"]).strip().decode('ascii')
           ^^^^^^^^^^^^^^^^^^^^^^^^^^^^^^^^^^^^^^^^^^^^^^^^^^^^^^^^^^^^^^^^^^^^^^^^^^^
  File "/Users/jang-minyeop/.local/share/uv/python/cpython-3.11.14-macos-aarch64-none/lib/python3.11/subprocess.py", line 466, in check_output
    return run(*popenargs, stdout=PIPE, timeout=timeout, check=True,
           ^^^^^^^^^^^^^^^^^^^^^^^^^^^^^^^^^^^^^^^^^^^^^^^^^^^^^^^^^
  File "/Users/jang-minyeop/.local/share/uv/python/cpython-3.11.14-macos-aarch64-none/lib/python3.11/subprocess.py", line 571, in run
    raise CalledProcessError(retcode, process.args,
subprocess.CalledProcessError: Command '['git', '-C', '/Users/jang-minyeop/Project/CAMELS/.venv/lib/python3.11/site-packages/neuralhydrology/utils', 'describe', '--always']' returned non-zero exit status 128.
